15:03:07.759 [main] DEBUG org.apache.poi.openxml4j.opc.PackageRelationshipCollection - Parsing relationship: /_rels/.rels
15:03:07.790 [main] DEBUG org.apache.poi.openxml4j.opc.PackageRelationshipCollection - Parsing relationship: /xl/_rels/workbook.xml.rels
15:03:07.790 [main] DEBUG org.apache.poi.openxml4j.opc.PackageRelationshipCollection - Parsing relationship: /xl/worksheets/_rels/sheet1.xml.rels
15:03:07.790 [main] DEBUG org.apache.poi.openxml4j.opc.PackageRelationshipCollection - Parsing relationship: /_rels/.rels
15:03:07.790 [main] DEBUG org.apache.poi.openxml4j.opc.PackageRelationshipCollection - Parsing relationship: /xl/_rels/workbook.xml.rels
15:03:07.806 [main] DEBUG org.apache.poi.openxml4j.opc.PackageRelationshipCollection - Parsing relationship: /xl/worksheets/_rels/sheet1.xml.rels
15:03:07.806 [main] DEBUG org.apache.poi.openxml4j.opc.PackageRelationshipCollection - Parsing relationship: /_rels/.rels
15:03:07.814 [main] DEBUG org.apache.poi.openxml4j.opc.PackageRelationshipCollection - Parsing relationship: /xl/_rels/workbook.xml.rels
15:03:07.814 [main] DEBUG org.apache.poi.openxml4j.opc.PackageRelationshipCollection - Parsing relationship: /xl/worksheets/_rels/sheet1.xml.rels
15:03:07.822 [main] DEBUG org.apache.poi.openxml4j.opc.PackageRelationshipCollection - Parsing relationship: /_rels/.rels
15:03:07.822 [main] DEBUG org.apache.poi.openxml4j.opc.PackageRelationshipCollection - Parsing relationship: /xl/_rels/workbook.xml.rels
15:03:07.822 [main] DEBUG org.apache.poi.openxml4j.opc.PackageRelationshipCollection - Parsing relationship: /xl/worksheets/_rels/sheet1.xml.rels
15:03:07.822 [main] DEBUG org.apache.poi.openxml4j.opc.PackageRelationshipCollection - Parsing relationship: /_rels/.rels
15:03:07.838 [main] DEBUG org.apache.poi.openxml4j.opc.PackageRelationshipCollection - Parsing relationship: /xl/_rels/workbook.xml.rels
15:03:07.838 [main] DEBUG org.apache.poi.openxml4j.opc.PackageRelationshipCollection - Parsing relationship: /xl/worksheets/_rels/sheet1.xml.rels
15:03:07.838 [main] DEBUG org.apache.poi.openxml4j.opc.PackageRelationshipCollection - Parsing relationship: /_rels/.rels
15:03:07.869 [main] INFO  testCases.TC_003_LoginDDT - ***Starting the TC_003_LoginDDT****
15:03:10.085 [main] INFO  testCases.TC_003_LoginDDT - ***Finished the TC_002_LoginTest****
15:03:10.100 [main] INFO  testCases.TC_003_LoginDDT - ***Starting the TC_003_LoginDDT****
15:03:12.376 [main] INFO  testCases.TC_003_LoginDDT - ***Finished the TC_002_LoginTest****
15:03:12.385 [main] INFO  testCases.TC_003_LoginDDT - ***Starting the TC_003_LoginDDT****
15:03:24.022 [main] INFO  testCases.TC_003_LoginDDT - ***Finished the TC_002_LoginTest****
15:03:24.026 [main] INFO  testCases.TC_003_LoginDDT - ***Starting the TC_003_LoginDDT****
15:03:26.484 [main] INFO  testCases.TC_003_LoginDDT - ***Finished the TC_002_LoginTest****
15:03:26.493 [main] INFO  testCases.TC_003_LoginDDT - ***Starting the TC_003_LoginDDT****
15:03:28.971 [main] INFO  testCases.TC_003_LoginDDT - ***Finished the TC_002_LoginTest****
15:03:28.979 [main] INFO  testCases.TC_003_LoginDDT - ***Starting the TC_003_LoginDDT****
15:03:40.363 [main] INFO  testCases.TC_003_LoginDDT - ***Finished the TC_002_LoginTest****
15:05:15.048 [main] DEBUG org.testng.TestNG - suiteXmlPath: "C:\Users\Infantom\Desktop\Sabado\Opencard1.2\master.xml"
15:05:15.318 [main] INFO  org.testng.internal.Utils - [TestNG] Running:
  C:\Users\Infantom\Desktop\Sabado\Opencard1.2\master.xml

15:05:19.585 [main] DEBUG org.apache.poi.openxml4j.opc.PackageRelationshipCollection - Parsing relationship: /xl/_rels/workbook.xml.rels
15:05:19.588 [main] DEBUG org.apache.poi.openxml4j.opc.PackageRelationshipCollection - Parsing relationship: /xl/worksheets/_rels/sheet1.xml.rels
15:05:19.592 [main] DEBUG org.apache.poi.openxml4j.opc.PackageRelationshipCollection - Parsing relationship: /_rels/.rels
15:05:19.999 [main] DEBUG org.apache.poi.openxml4j.opc.PackageRelationshipCollection - Parsing relationship: /xl/_rels/workbook.xml.rels
15:05:20.001 [main] DEBUG org.apache.poi.openxml4j.opc.PackageRelationshipCollection - Parsing relationship: /xl/worksheets/_rels/sheet1.xml.rels
15:05:20.003 [main] DEBUG org.apache.poi.openxml4j.opc.PackageRelationshipCollection - Parsing relationship: /_rels/.rels
15:05:20.027 [main] DEBUG org.apache.poi.openxml4j.opc.PackageRelationshipCollection - Parsing relationship: /xl/_rels/workbook.xml.rels
15:05:20.028 [main] DEBUG org.apache.poi.openxml4j.opc.PackageRelationshipCollection - Parsing relationship: /xl/worksheets/_rels/sheet1.xml.rels
15:05:20.029 [main] DEBUG org.apache.poi.openxml4j.opc.PackageRelationshipCollection - Parsing relationship: /_rels/.rels
15:05:20.056 [main] DEBUG org.apache.poi.openxml4j.opc.PackageRelationshipCollection - Parsing relationship: /xl/_rels/workbook.xml.rels
15:05:20.057 [main] DEBUG org.apache.poi.openxml4j.opc.PackageRelationshipCollection - Parsing relationship: /xl/worksheets/_rels/sheet1.xml.rels
15:05:20.058 [main] DEBUG org.apache.poi.openxml4j.opc.PackageRelationshipCollection - Parsing relationship: /_rels/.rels
15:05:20.084 [main] DEBUG org.apache.poi.openxml4j.opc.PackageRelationshipCollection - Parsing relationship: /xl/_rels/workbook.xml.rels
15:05:20.085 [main] DEBUG org.apache.poi.openxml4j.opc.PackageRelationshipCollection - Parsing relationship: /xl/worksheets/_rels/sheet1.xml.rels
15:05:20.085 [main] DEBUG org.apache.poi.openxml4j.opc.PackageRelationshipCollection - Parsing relationship: /_rels/.rels
15:05:20.102 [main] DEBUG org.apache.poi.openxml4j.opc.PackageRelationshipCollection - Parsing relationship: /xl/_rels/workbook.xml.rels
15:05:20.102 [main] DEBUG org.apache.poi.openxml4j.opc.PackageRelationshipCollection - Parsing relationship: /xl/worksheets/_rels/sheet1.xml.rels
15:05:20.103 [main] DEBUG org.apache.poi.openxml4j.opc.PackageRelationshipCollection - Parsing relationship: /_rels/.rels
15:05:20.117 [main] DEBUG org.apache.poi.openxml4j.opc.PackageRelationshipCollection - Parsing relationship: /xl/_rels/workbook.xml.rels
15:05:20.118 [main] DEBUG org.apache.poi.openxml4j.opc.PackageRelationshipCollection - Parsing relationship: /xl/worksheets/_rels/sheet1.xml.rels
15:05:20.118 [main] DEBUG org.apache.poi.openxml4j.opc.PackageRelationshipCollection - Parsing relationship: /_rels/.rels
15:05:20.133 [main] DEBUG org.apache.poi.openxml4j.opc.PackageRelationshipCollection - Parsing relationship: /xl/_rels/workbook.xml.rels
15:05:20.134 [main] DEBUG org.apache.poi.openxml4j.opc.PackageRelationshipCollection - Parsing relationship: /xl/worksheets/_rels/sheet1.xml.rels
15:05:20.135 [main] DEBUG org.apache.poi.openxml4j.opc.PackageRelationshipCollection - Parsing relationship: /_rels/.rels
15:05:20.148 [main] DEBUG org.apache.poi.openxml4j.opc.PackageRelationshipCollection - Parsing relationship: /xl/_rels/workbook.xml.rels
15:05:20.148 [main] DEBUG org.apache.poi.openxml4j.opc.PackageRelationshipCollection - Parsing relationship: /xl/worksheets/_rels/sheet1.xml.rels
15:05:20.149 [main] DEBUG org.apache.poi.openxml4j.opc.PackageRelationshipCollection - Parsing relationship: /_rels/.rels
15:05:20.164 [main] DEBUG org.apache.poi.openxml4j.opc.PackageRelationshipCollection - Parsing relationship: /xl/_rels/workbook.xml.rels
15:05:20.164 [main] DEBUG org.apache.poi.openxml4j.opc.PackageRelationshipCollection - Parsing relationship: /xl/worksheets/_rels/sheet1.xml.rels
15:05:20.165 [main] DEBUG org.apache.poi.openxml4j.opc.PackageRelationshipCollection - Parsing relationship: /_rels/.rels
15:05:20.177 [main] DEBUG org.apache.poi.openxml4j.opc.PackageRelationshipCollection - Parsing relationship: /xl/_rels/workbook.xml.rels
15:05:20.178 [main] DEBUG org.apache.poi.openxml4j.opc.PackageRelationshipCollection - Parsing relationship: /xl/worksheets/_rels/sheet1.xml.rels
15:05:20.178 [main] DEBUG org.apache.poi.openxml4j.opc.PackageRelationshipCollection - Parsing relationship: /_rels/.rels
15:05:20.192 [main] DEBUG org.apache.poi.openxml4j.opc.PackageRelationshipCollection - Parsing relationship: /xl/_rels/workbook.xml.rels
15:05:20.193 [main] DEBUG org.apache.poi.openxml4j.opc.PackageRelationshipCollection - Parsing relationship: /xl/worksheets/_rels/sheet1.xml.rels
15:05:20.195 [main] DEBUG org.apache.poi.openxml4j.opc.PackageRelationshipCollection - Parsing relationship: /_rels/.rels
15:05:20.208 [main] DEBUG org.apache.poi.openxml4j.opc.PackageRelationshipCollection - Parsing relationship: /xl/_rels/workbook.xml.rels
15:05:20.208 [main] DEBUG org.apache.poi.openxml4j.opc.PackageRelationshipCollection - Parsing relationship: /xl/worksheets/_rels/sheet1.xml.rels
15:05:20.209 [main] DEBUG org.apache.poi.openxml4j.opc.PackageRelationshipCollection - Parsing relationship: /_rels/.rels
15:05:20.221 [main] DEBUG org.apache.poi.openxml4j.opc.PackageRelationshipCollection - Parsing relationship: /xl/_rels/workbook.xml.rels
15:05:20.221 [main] DEBUG org.apache.poi.openxml4j.opc.PackageRelationshipCollection - Parsing relationship: /xl/worksheets/_rels/sheet1.xml.rels
15:05:20.222 [main] DEBUG org.apache.poi.openxml4j.opc.PackageRelationshipCollection - Parsing relationship: /_rels/.rels
15:05:20.234 [main] DEBUG org.apache.poi.openxml4j.opc.PackageRelationshipCollection - Parsing relationship: /xl/_rels/workbook.xml.rels
15:05:20.234 [main] DEBUG org.apache.poi.openxml4j.opc.PackageRelationshipCollection - Parsing relationship: /xl/worksheets/_rels/sheet1.xml.rels
15:05:20.235 [main] DEBUG org.apache.poi.openxml4j.opc.PackageRelationshipCollection - Parsing relationship: /_rels/.rels
15:05:20.247 [main] DEBUG org.apache.poi.openxml4j.opc.PackageRelationshipCollection - Parsing relationship: /xl/_rels/workbook.xml.rels
15:05:20.247 [main] DEBUG org.apache.poi.openxml4j.opc.PackageRelationshipCollection - Parsing relationship: /xl/worksheets/_rels/sheet1.xml.rels
15:05:20.247 [main] DEBUG org.apache.poi.openxml4j.opc.PackageRelationshipCollection - Parsing relationship: /_rels/.rels
15:05:20.260 [main] DEBUG org.apache.poi.openxml4j.opc.PackageRelationshipCollection - Parsing relationship: /xl/_rels/workbook.xml.rels
15:05:20.261 [main] DEBUG org.apache.poi.openxml4j.opc.PackageRelationshipCollection - Parsing relationship: /xl/worksheets/_rels/sheet1.xml.rels
15:05:20.261 [main] DEBUG org.apache.poi.openxml4j.opc.PackageRelationshipCollection - Parsing relationship: /_rels/.rels
15:05:20.273 [main] DEBUG org.apache.poi.openxml4j.opc.PackageRelationshipCollection - Parsing relationship: /xl/_rels/workbook.xml.rels
15:05:20.273 [main] DEBUG org.apache.poi.openxml4j.opc.PackageRelationshipCollection - Parsing relationship: /xl/worksheets/_rels/sheet1.xml.rels
15:05:20.274 [main] DEBUG org.apache.poi.openxml4j.opc.PackageRelationshipCollection - Parsing relationship: /_rels/.rels
15:05:20.289 [main] DEBUG org.apache.poi.openxml4j.opc.PackageRelationshipCollection - Parsing relationship: /xl/_rels/workbook.xml.rels
15:05:20.290 [main] DEBUG org.apache.poi.openxml4j.opc.PackageRelationshipCollection - Parsing relationship: /xl/worksheets/_rels/sheet1.xml.rels
15:05:20.290 [main] DEBUG org.apache.poi.openxml4j.opc.PackageRelationshipCollection - Parsing relationship: /_rels/.rels
15:05:20.304 [main] DEBUG org.apache.poi.openxml4j.opc.PackageRelationshipCollection - Parsing relationship: /xl/_rels/workbook.xml.rels
15:05:20.305 [main] DEBUG org.apache.poi.openxml4j.opc.PackageRelationshipCollection - Parsing relationship: /xl/worksheets/_rels/sheet1.xml.rels
15:05:20.306 [main] DEBUG org.apache.poi.openxml4j.opc.PackageRelationshipCollection - Parsing relationship: /_rels/.rels
15:05:20.338 [main] INFO  testCases.TC_003_LoginDDT - ***Starting the TC_003_LoginDDT****
15:05:22.536 [main] INFO  testCases.TC_003_LoginDDT - ***Finished the TC_002_LoginTest****
15:05:22.550 [main] INFO  testCases.TC_003_LoginDDT - ***Starting the TC_003_LoginDDT****
15:05:24.819 [main] INFO  testCases.TC_003_LoginDDT - ***Finished the TC_002_LoginTest****
15:05:24.829 [main] INFO  testCases.TC_003_LoginDDT - ***Starting the TC_003_LoginDDT****
15:05:36.501 [main] INFO  testCases.TC_003_LoginDDT - ***Finished the TC_002_LoginTest****
15:05:36.501 [main] INFO  testCases.TC_003_LoginDDT - ***Starting the TC_003_LoginDDT****
15:05:39.614 [main] INFO  testCases.TC_003_LoginDDT - ***Finished the TC_002_LoginTest****
15:05:39.619 [main] INFO  testCases.TC_003_LoginDDT - ***Starting the TC_003_LoginDDT****
15:05:41.865 [main] INFO  testCases.TC_003_LoginDDT - ***Finished the TC_002_LoginTest****
15:05:41.870 [main] INFO  testCases.TC_003_LoginDDT - ***Starting the TC_003_LoginDDT****
15:05:53.687 [main] INFO  testCases.TC_003_LoginDDT - ***Finished the TC_002_LoginTest****
15:09:35.552 [main] DEBUG org.testng.TestNG - suiteXmlPath: "C:\Users\Infantom\Desktop\Sabado\Opencard1.2\master.xml"
15:09:35.842 [main] INFO  org.testng.internal.Utils - [TestNG] Running:
  C:\Users\Infantom\Desktop\Sabado\Opencard1.2\master.xml

15:09:40.721 [main] DEBUG org.apache.poi.openxml4j.opc.PackageRelationshipCollection - Parsing relationship: /xl/_rels/workbook.xml.rels
15:09:40.724 [main] DEBUG org.apache.poi.openxml4j.opc.PackageRelationshipCollection - Parsing relationship: /xl/worksheets/_rels/sheet1.xml.rels
15:09:40.726 [main] DEBUG org.apache.poi.openxml4j.opc.PackageRelationshipCollection - Parsing relationship: /_rels/.rels
15:09:41.353 [main] DEBUG org.apache.poi.openxml4j.opc.PackageRelationshipCollection - Parsing relationship: /xl/_rels/workbook.xml.rels
15:09:41.354 [main] DEBUG org.apache.poi.openxml4j.opc.PackageRelationshipCollection - Parsing relationship: /xl/worksheets/_rels/sheet1.xml.rels
15:09:41.355 [main] DEBUG org.apache.poi.openxml4j.opc.PackageRelationshipCollection - Parsing relationship: /_rels/.rels
15:09:41.373 [main] DEBUG org.apache.poi.openxml4j.opc.PackageRelationshipCollection - Parsing relationship: /xl/_rels/workbook.xml.rels
15:09:41.374 [main] DEBUG org.apache.poi.openxml4j.opc.PackageRelationshipCollection - Parsing relationship: /xl/worksheets/_rels/sheet1.xml.rels
15:09:41.374 [main] DEBUG org.apache.poi.openxml4j.opc.PackageRelationshipCollection - Parsing relationship: /_rels/.rels
15:09:41.399 [main] DEBUG org.apache.poi.openxml4j.opc.PackageRelationshipCollection - Parsing relationship: /xl/_rels/workbook.xml.rels
15:09:41.402 [main] DEBUG org.apache.poi.openxml4j.opc.PackageRelationshipCollection - Parsing relationship: /xl/worksheets/_rels/sheet1.xml.rels
15:09:41.404 [main] DEBUG org.apache.poi.openxml4j.opc.PackageRelationshipCollection - Parsing relationship: /_rels/.rels
15:09:41.435 [main] DEBUG org.apache.poi.openxml4j.opc.PackageRelationshipCollection - Parsing relationship: /xl/_rels/workbook.xml.rels
15:09:41.435 [main] DEBUG org.apache.poi.openxml4j.opc.PackageRelationshipCollection - Parsing relationship: /xl/worksheets/_rels/sheet1.xml.rels
15:09:41.436 [main] DEBUG org.apache.poi.openxml4j.opc.PackageRelationshipCollection - Parsing relationship: /_rels/.rels
15:09:41.450 [main] DEBUG org.apache.poi.openxml4j.opc.PackageRelationshipCollection - Parsing relationship: /xl/_rels/workbook.xml.rels
15:09:41.450 [main] DEBUG org.apache.poi.openxml4j.opc.PackageRelationshipCollection - Parsing relationship: /xl/worksheets/_rels/sheet1.xml.rels
15:09:41.451 [main] DEBUG org.apache.poi.openxml4j.opc.PackageRelationshipCollection - Parsing relationship: /_rels/.rels
15:09:41.467 [main] DEBUG org.apache.poi.openxml4j.opc.PackageRelationshipCollection - Parsing relationship: /xl/_rels/workbook.xml.rels
15:09:41.468 [main] DEBUG org.apache.poi.openxml4j.opc.PackageRelationshipCollection - Parsing relationship: /xl/worksheets/_rels/sheet1.xml.rels
15:09:41.469 [main] DEBUG org.apache.poi.openxml4j.opc.PackageRelationshipCollection - Parsing relationship: /_rels/.rels
15:09:41.488 [main] DEBUG org.apache.poi.openxml4j.opc.PackageRelationshipCollection - Parsing relationship: /xl/_rels/workbook.xml.rels
15:09:41.489 [main] DEBUG org.apache.poi.openxml4j.opc.PackageRelationshipCollection - Parsing relationship: /xl/worksheets/_rels/sheet1.xml.rels
15:09:41.489 [main] DEBUG org.apache.poi.openxml4j.opc.PackageRelationshipCollection - Parsing relationship: /_rels/.rels
15:09:41.503 [main] DEBUG org.apache.poi.openxml4j.opc.PackageRelationshipCollection - Parsing relationship: /xl/_rels/workbook.xml.rels
15:09:41.503 [main] DEBUG org.apache.poi.openxml4j.opc.PackageRelationshipCollection - Parsing relationship: /xl/worksheets/_rels/sheet1.xml.rels
15:09:41.504 [main] DEBUG org.apache.poi.openxml4j.opc.PackageRelationshipCollection - Parsing relationship: /_rels/.rels
15:09:41.519 [main] DEBUG org.apache.poi.openxml4j.opc.PackageRelationshipCollection - Parsing relationship: /xl/_rels/workbook.xml.rels
15:09:41.519 [main] DEBUG org.apache.poi.openxml4j.opc.PackageRelationshipCollection - Parsing relationship: /xl/worksheets/_rels/sheet1.xml.rels
15:09:41.520 [main] DEBUG org.apache.poi.openxml4j.opc.PackageRelationshipCollection - Parsing relationship: /_rels/.rels
15:09:41.537 [main] DEBUG org.apache.poi.openxml4j.opc.PackageRelationshipCollection - Parsing relationship: /xl/_rels/workbook.xml.rels
15:09:41.537 [main] DEBUG org.apache.poi.openxml4j.opc.PackageRelationshipCollection - Parsing relationship: /xl/worksheets/_rels/sheet1.xml.rels
15:09:41.538 [main] DEBUG org.apache.poi.openxml4j.opc.PackageRelationshipCollection - Parsing relationship: /_rels/.rels
15:09:41.550 [main] DEBUG org.apache.poi.openxml4j.opc.PackageRelationshipCollection - Parsing relationship: /xl/_rels/workbook.xml.rels
15:09:41.551 [main] DEBUG org.apache.poi.openxml4j.opc.PackageRelationshipCollection - Parsing relationship: /xl/worksheets/_rels/sheet1.xml.rels
15:09:41.551 [main] DEBUG org.apache.poi.openxml4j.opc.PackageRelationshipCollection - Parsing relationship: /_rels/.rels
15:09:41.565 [main] DEBUG org.apache.poi.openxml4j.opc.PackageRelationshipCollection - Parsing relationship: /xl/_rels/workbook.xml.rels
15:09:41.566 [main] DEBUG org.apache.poi.openxml4j.opc.PackageRelationshipCollection - Parsing relationship: /xl/worksheets/_rels/sheet1.xml.rels
15:09:41.566 [main] DEBUG org.apache.poi.openxml4j.opc.PackageRelationshipCollection - Parsing relationship: /_rels/.rels
15:09:41.580 [main] DEBUG org.apache.poi.openxml4j.opc.PackageRelationshipCollection - Parsing relationship: /xl/_rels/workbook.xml.rels
15:09:41.581 [main] DEBUG org.apache.poi.openxml4j.opc.PackageRelationshipCollection - Parsing relationship: /xl/worksheets/_rels/sheet1.xml.rels
15:09:41.582 [main] DEBUG org.apache.poi.openxml4j.opc.PackageRelationshipCollection - Parsing relationship: /_rels/.rels
15:09:41.595 [main] DEBUG org.apache.poi.openxml4j.opc.PackageRelationshipCollection - Parsing relationship: /xl/_rels/workbook.xml.rels
15:09:41.595 [main] DEBUG org.apache.poi.openxml4j.opc.PackageRelationshipCollection - Parsing relationship: /xl/worksheets/_rels/sheet1.xml.rels
15:09:41.596 [main] DEBUG org.apache.poi.openxml4j.opc.PackageRelationshipCollection - Parsing relationship: /_rels/.rels
15:09:41.607 [main] DEBUG org.apache.poi.openxml4j.opc.PackageRelationshipCollection - Parsing relationship: /xl/_rels/workbook.xml.rels
15:09:41.608 [main] DEBUG org.apache.poi.openxml4j.opc.PackageRelationshipCollection - Parsing relationship: /xl/worksheets/_rels/sheet1.xml.rels
15:09:41.608 [main] DEBUG org.apache.poi.openxml4j.opc.PackageRelationshipCollection - Parsing relationship: /_rels/.rels
15:09:41.620 [main] DEBUG org.apache.poi.openxml4j.opc.PackageRelationshipCollection - Parsing relationship: /xl/_rels/workbook.xml.rels
15:09:41.621 [main] DEBUG org.apache.poi.openxml4j.opc.PackageRelationshipCollection - Parsing relationship: /xl/worksheets/_rels/sheet1.xml.rels
15:09:41.621 [main] DEBUG org.apache.poi.openxml4j.opc.PackageRelationshipCollection - Parsing relationship: /_rels/.rels
15:09:41.633 [main] DEBUG org.apache.poi.openxml4j.opc.PackageRelationshipCollection - Parsing relationship: /xl/_rels/workbook.xml.rels
15:09:41.633 [main] DEBUG org.apache.poi.openxml4j.opc.PackageRelationshipCollection - Parsing relationship: /xl/worksheets/_rels/sheet1.xml.rels
15:09:41.634 [main] DEBUG org.apache.poi.openxml4j.opc.PackageRelationshipCollection - Parsing relationship: /_rels/.rels
15:09:41.644 [main] DEBUG org.apache.poi.openxml4j.opc.PackageRelationshipCollection - Parsing relationship: /xl/_rels/workbook.xml.rels
15:09:41.645 [main] DEBUG org.apache.poi.openxml4j.opc.PackageRelationshipCollection - Parsing relationship: /xl/worksheets/_rels/sheet1.xml.rels
15:09:41.645 [main] DEBUG org.apache.poi.openxml4j.opc.PackageRelationshipCollection - Parsing relationship: /_rels/.rels
15:09:41.658 [main] DEBUG org.apache.poi.openxml4j.opc.PackageRelationshipCollection - Parsing relationship: /xl/_rels/workbook.xml.rels
15:09:41.659 [main] DEBUG org.apache.poi.openxml4j.opc.PackageRelationshipCollection - Parsing relationship: /xl/worksheets/_rels/sheet1.xml.rels
15:09:41.659 [main] DEBUG org.apache.poi.openxml4j.opc.PackageRelationshipCollection - Parsing relationship: /_rels/.rels
15:09:41.687 [main] INFO  testCases.TC_003_LoginDDT - ***Starting the TC_003_LoginDDT****
15:09:44.474 [main] INFO  testCases.TC_003_LoginDDT - ***Finished the TC_002_LoginTest****
15:09:44.482 [main] INFO  testCases.TC_003_LoginDDT - ***Starting the TC_003_LoginDDT****
15:09:46.907 [main] INFO  testCases.TC_003_LoginDDT - ***Finished the TC_002_LoginTest****
15:09:46.912 [main] INFO  testCases.TC_003_LoginDDT - ***Starting the TC_003_LoginDDT****
15:09:58.439 [main] INFO  testCases.TC_003_LoginDDT - ***Finished the TC_002_LoginTest****
15:09:58.458 [main] INFO  testCases.TC_003_LoginDDT - ***Starting the TC_003_LoginDDT****
15:10:01.362 [main] INFO  testCases.TC_003_LoginDDT - ***Finished the TC_002_LoginTest****
15:10:01.371 [main] INFO  testCases.TC_003_LoginDDT - ***Starting the TC_003_LoginDDT****
15:10:05.940 [main] INFO  testCases.TC_003_LoginDDT - ***Finished the TC_002_LoginTest****
15:10:05.950 [main] INFO  testCases.TC_003_LoginDDT - ***Starting the TC_003_LoginDDT****
15:10:17.381 [main] INFO  testCases.TC_003_LoginDDT - ***Finished the TC_002_LoginTest****
09:53:24.872 [main] DEBUG org.testng.TestNG - suiteXmlPath: "C:\Users\Infantom\Desktop\Sabado\Opencard1.2\master.xml"
09:53:25.329 [main] INFO  org.testng.internal.Utils - [TestNG] Running:
  C:\Users\Infantom\Desktop\Sabado\Opencard1.2\master.xml

09:53:31.785 [main] DEBUG org.apache.poi.openxml4j.opc.PackageRelationshipCollection - Parsing relationship: /xl/_rels/workbook.xml.rels
09:53:31.799 [main] DEBUG org.apache.poi.openxml4j.opc.PackageRelationshipCollection - Parsing relationship: /xl/worksheets/_rels/sheet1.xml.rels
09:53:31.803 [main] DEBUG org.apache.poi.openxml4j.opc.PackageRelationshipCollection - Parsing relationship: /_rels/.rels
09:53:32.653 [main] DEBUG org.apache.poi.openxml4j.opc.PackageRelationshipCollection - Parsing relationship: /xl/_rels/workbook.xml.rels
09:53:32.656 [main] DEBUG org.apache.poi.openxml4j.opc.PackageRelationshipCollection - Parsing relationship: /xl/worksheets/_rels/sheet1.xml.rels
09:53:32.656 [main] DEBUG org.apache.poi.openxml4j.opc.PackageRelationshipCollection - Parsing relationship: /_rels/.rels
09:53:32.699 [main] DEBUG org.apache.poi.openxml4j.opc.PackageRelationshipCollection - Parsing relationship: /xl/_rels/workbook.xml.rels
09:53:32.700 [main] DEBUG org.apache.poi.openxml4j.opc.PackageRelationshipCollection - Parsing relationship: /xl/worksheets/_rels/sheet1.xml.rels
09:53:32.701 [main] DEBUG org.apache.poi.openxml4j.opc.PackageRelationshipCollection - Parsing relationship: /_rels/.rels
09:53:32.744 [main] DEBUG org.apache.poi.openxml4j.opc.PackageRelationshipCollection - Parsing relationship: /xl/_rels/workbook.xml.rels
09:53:32.745 [main] DEBUG org.apache.poi.openxml4j.opc.PackageRelationshipCollection - Parsing relationship: /xl/worksheets/_rels/sheet1.xml.rels
09:53:32.746 [main] DEBUG org.apache.poi.openxml4j.opc.PackageRelationshipCollection - Parsing relationship: /_rels/.rels
09:53:32.803 [main] DEBUG org.apache.poi.openxml4j.opc.PackageRelationshipCollection - Parsing relationship: /xl/_rels/workbook.xml.rels
09:53:32.804 [main] DEBUG org.apache.poi.openxml4j.opc.PackageRelationshipCollection - Parsing relationship: /xl/worksheets/_rels/sheet1.xml.rels
09:53:32.807 [main] DEBUG org.apache.poi.openxml4j.opc.PackageRelationshipCollection - Parsing relationship: /_rels/.rels
09:53:32.836 [main] DEBUG org.apache.poi.openxml4j.opc.PackageRelationshipCollection - Parsing relationship: /xl/_rels/workbook.xml.rels
09:53:32.837 [main] DEBUG org.apache.poi.openxml4j.opc.PackageRelationshipCollection - Parsing relationship: /xl/worksheets/_rels/sheet1.xml.rels
09:53:32.838 [main] DEBUG org.apache.poi.openxml4j.opc.PackageRelationshipCollection - Parsing relationship: /_rels/.rels
09:53:32.854 [main] DEBUG org.apache.poi.openxml4j.opc.PackageRelationshipCollection - Parsing relationship: /xl/_rels/workbook.xml.rels
09:53:32.854 [main] DEBUG org.apache.poi.openxml4j.opc.PackageRelationshipCollection - Parsing relationship: /xl/worksheets/_rels/sheet1.xml.rels
09:53:32.855 [main] DEBUG org.apache.poi.openxml4j.opc.PackageRelationshipCollection - Parsing relationship: /_rels/.rels
09:53:32.876 [main] DEBUG org.apache.poi.openxml4j.opc.PackageRelationshipCollection - Parsing relationship: /xl/_rels/workbook.xml.rels
09:53:32.877 [main] DEBUG org.apache.poi.openxml4j.opc.PackageRelationshipCollection - Parsing relationship: /xl/worksheets/_rels/sheet1.xml.rels
09:53:32.878 [main] DEBUG org.apache.poi.openxml4j.opc.PackageRelationshipCollection - Parsing relationship: /_rels/.rels
09:53:32.896 [main] DEBUG org.apache.poi.openxml4j.opc.PackageRelationshipCollection - Parsing relationship: /xl/_rels/workbook.xml.rels
09:53:32.897 [main] DEBUG org.apache.poi.openxml4j.opc.PackageRelationshipCollection - Parsing relationship: /xl/worksheets/_rels/sheet1.xml.rels
09:53:32.897 [main] DEBUG org.apache.poi.openxml4j.opc.PackageRelationshipCollection - Parsing relationship: /_rels/.rels
09:53:32.914 [main] DEBUG org.apache.poi.openxml4j.opc.PackageRelationshipCollection - Parsing relationship: /xl/_rels/workbook.xml.rels
09:53:32.915 [main] DEBUG org.apache.poi.openxml4j.opc.PackageRelationshipCollection - Parsing relationship: /xl/worksheets/_rels/sheet1.xml.rels
09:53:32.916 [main] DEBUG org.apache.poi.openxml4j.opc.PackageRelationshipCollection - Parsing relationship: /_rels/.rels
09:53:32.940 [main] DEBUG org.apache.poi.openxml4j.opc.PackageRelationshipCollection - Parsing relationship: /xl/_rels/workbook.xml.rels
09:53:32.941 [main] DEBUG org.apache.poi.openxml4j.opc.PackageRelationshipCollection - Parsing relationship: /xl/worksheets/_rels/sheet1.xml.rels
09:53:32.942 [main] DEBUG org.apache.poi.openxml4j.opc.PackageRelationshipCollection - Parsing relationship: /_rels/.rels
09:53:32.960 [main] DEBUG org.apache.poi.openxml4j.opc.PackageRelationshipCollection - Parsing relationship: /xl/_rels/workbook.xml.rels
09:53:32.961 [main] DEBUG org.apache.poi.openxml4j.opc.PackageRelationshipCollection - Parsing relationship: /xl/worksheets/_rels/sheet1.xml.rels
09:53:32.962 [main] DEBUG org.apache.poi.openxml4j.opc.PackageRelationshipCollection - Parsing relationship: /_rels/.rels
09:53:32.978 [main] DEBUG org.apache.poi.openxml4j.opc.PackageRelationshipCollection - Parsing relationship: /xl/_rels/workbook.xml.rels
09:53:32.979 [main] DEBUG org.apache.poi.openxml4j.opc.PackageRelationshipCollection - Parsing relationship: /xl/worksheets/_rels/sheet1.xml.rels
09:53:32.980 [main] DEBUG org.apache.poi.openxml4j.opc.PackageRelationshipCollection - Parsing relationship: /_rels/.rels
09:53:33.003 [main] DEBUG org.apache.poi.openxml4j.opc.PackageRelationshipCollection - Parsing relationship: /xl/_rels/workbook.xml.rels
09:53:33.004 [main] DEBUG org.apache.poi.openxml4j.opc.PackageRelationshipCollection - Parsing relationship: /xl/worksheets/_rels/sheet1.xml.rels
09:53:33.005 [main] DEBUG org.apache.poi.openxml4j.opc.PackageRelationshipCollection - Parsing relationship: /_rels/.rels
09:53:33.023 [main] DEBUG org.apache.poi.openxml4j.opc.PackageRelationshipCollection - Parsing relationship: /xl/_rels/workbook.xml.rels
09:53:33.024 [main] DEBUG org.apache.poi.openxml4j.opc.PackageRelationshipCollection - Parsing relationship: /xl/worksheets/_rels/sheet1.xml.rels
09:53:33.025 [main] DEBUG org.apache.poi.openxml4j.opc.PackageRelationshipCollection - Parsing relationship: /_rels/.rels
09:53:33.044 [main] DEBUG org.apache.poi.openxml4j.opc.PackageRelationshipCollection - Parsing relationship: /xl/_rels/workbook.xml.rels
09:53:33.045 [main] DEBUG org.apache.poi.openxml4j.opc.PackageRelationshipCollection - Parsing relationship: /xl/worksheets/_rels/sheet1.xml.rels
09:53:33.045 [main] DEBUG org.apache.poi.openxml4j.opc.PackageRelationshipCollection - Parsing relationship: /_rels/.rels
09:53:33.063 [main] DEBUG org.apache.poi.openxml4j.opc.PackageRelationshipCollection - Parsing relationship: /xl/_rels/workbook.xml.rels
09:53:33.064 [main] DEBUG org.apache.poi.openxml4j.opc.PackageRelationshipCollection - Parsing relationship: /xl/worksheets/_rels/sheet1.xml.rels
09:53:33.065 [main] DEBUG org.apache.poi.openxml4j.opc.PackageRelationshipCollection - Parsing relationship: /_rels/.rels
09:53:33.092 [main] DEBUG org.apache.poi.openxml4j.opc.PackageRelationshipCollection - Parsing relationship: /xl/_rels/workbook.xml.rels
09:53:33.093 [main] DEBUG org.apache.poi.openxml4j.opc.PackageRelationshipCollection - Parsing relationship: /xl/worksheets/_rels/sheet1.xml.rels
09:53:33.093 [main] DEBUG org.apache.poi.openxml4j.opc.PackageRelationshipCollection - Parsing relationship: /_rels/.rels
09:53:33.124 [main] DEBUG org.apache.poi.openxml4j.opc.PackageRelationshipCollection - Parsing relationship: /xl/_rels/workbook.xml.rels
09:53:33.124 [main] DEBUG org.apache.poi.openxml4j.opc.PackageRelationshipCollection - Parsing relationship: /xl/worksheets/_rels/sheet1.xml.rels
09:53:33.125 [main] DEBUG org.apache.poi.openxml4j.opc.PackageRelationshipCollection - Parsing relationship: /_rels/.rels
09:53:33.143 [main] DEBUG org.apache.poi.openxml4j.opc.PackageRelationshipCollection - Parsing relationship: /xl/_rels/workbook.xml.rels
09:53:33.144 [main] DEBUG org.apache.poi.openxml4j.opc.PackageRelationshipCollection - Parsing relationship: /xl/worksheets/_rels/sheet1.xml.rels
09:53:33.144 [main] DEBUG org.apache.poi.openxml4j.opc.PackageRelationshipCollection - Parsing relationship: /_rels/.rels
09:53:33.244 [main] INFO  testCases.TC_003_LoginDDT - ***Starting the TC_003_LoginDDT****
09:53:36.346 [main] INFO  testCases.TC_003_LoginDDT - ***Finished the TC_002_LoginTest****
09:53:36.362 [main] INFO  testCases.TC_003_LoginDDT - ***Starting the TC_003_LoginDDT****
09:53:39.066 [main] INFO  testCases.TC_003_LoginDDT - ***Finished the TC_002_LoginTest****
09:53:39.136 [main] INFO  testCases.TC_003_LoginDDT - ***Starting the TC_003_LoginDDT****
09:53:51.286 [main] INFO  testCases.TC_003_LoginDDT - ***Finished the TC_002_LoginTest****
09:53:51.289 [main] INFO  testCases.TC_003_LoginDDT - ***Starting the TC_003_LoginDDT****
09:53:54.109 [main] INFO  testCases.TC_003_LoginDDT - ***Finished the TC_002_LoginTest****
09:53:54.134 [main] INFO  testCases.TC_003_LoginDDT - ***Starting the TC_003_LoginDDT****
09:53:56.493 [main] INFO  testCases.TC_003_LoginDDT - ***Finished the TC_002_LoginTest****
09:53:56.530 [main] INFO  testCases.TC_003_LoginDDT - ***Starting the TC_003_LoginDDT****
09:54:08.144 [main] INFO  testCases.TC_003_LoginDDT - ***Finished the TC_002_LoginTest****
10:11:37.788 [main] DEBUG org.testng.TestNG - suiteXmlPath: "C:\Users\Infantom\Desktop\Sabado\Opencard1.2\master.xml"
10:11:38.284 [main] INFO  org.testng.internal.Utils - [TestNG] Running:
  C:\Users\Infantom\Desktop\Sabado\Opencard1.2\master.xml

10:11:44.882 [main] DEBUG org.apache.poi.openxml4j.opc.PackageRelationshipCollection - Parsing relationship: /xl/_rels/workbook.xml.rels
10:11:44.894 [main] DEBUG org.apache.poi.openxml4j.opc.PackageRelationshipCollection - Parsing relationship: /xl/worksheets/_rels/sheet1.xml.rels
10:11:44.896 [main] DEBUG org.apache.poi.openxml4j.opc.PackageRelationshipCollection - Parsing relationship: /_rels/.rels
10:11:45.679 [main] DEBUG org.apache.poi.openxml4j.opc.PackageRelationshipCollection - Parsing relationship: /xl/_rels/workbook.xml.rels
10:11:45.681 [main] DEBUG org.apache.poi.openxml4j.opc.PackageRelationshipCollection - Parsing relationship: /xl/worksheets/_rels/sheet1.xml.rels
10:11:45.682 [main] DEBUG org.apache.poi.openxml4j.opc.PackageRelationshipCollection - Parsing relationship: /_rels/.rels
10:11:45.723 [main] DEBUG org.apache.poi.openxml4j.opc.PackageRelationshipCollection - Parsing relationship: /xl/_rels/workbook.xml.rels
10:11:45.725 [main] DEBUG org.apache.poi.openxml4j.opc.PackageRelationshipCollection - Parsing relationship: /xl/worksheets/_rels/sheet1.xml.rels
10:11:45.726 [main] DEBUG org.apache.poi.openxml4j.opc.PackageRelationshipCollection - Parsing relationship: /_rels/.rels
10:11:45.778 [main] DEBUG org.apache.poi.openxml4j.opc.PackageRelationshipCollection - Parsing relationship: /xl/_rels/workbook.xml.rels
10:11:45.780 [main] DEBUG org.apache.poi.openxml4j.opc.PackageRelationshipCollection - Parsing relationship: /xl/worksheets/_rels/sheet1.xml.rels
10:11:45.782 [main] DEBUG org.apache.poi.openxml4j.opc.PackageRelationshipCollection - Parsing relationship: /_rels/.rels
10:11:45.843 [main] DEBUG org.apache.poi.openxml4j.opc.PackageRelationshipCollection - Parsing relationship: /xl/_rels/workbook.xml.rels
10:11:45.844 [main] DEBUG org.apache.poi.openxml4j.opc.PackageRelationshipCollection - Parsing relationship: /xl/worksheets/_rels/sheet1.xml.rels
10:11:45.845 [main] DEBUG org.apache.poi.openxml4j.opc.PackageRelationshipCollection - Parsing relationship: /_rels/.rels
10:11:45.871 [main] DEBUG org.apache.poi.openxml4j.opc.PackageRelationshipCollection - Parsing relationship: /xl/_rels/workbook.xml.rels
10:11:45.872 [main] DEBUG org.apache.poi.openxml4j.opc.PackageRelationshipCollection - Parsing relationship: /xl/worksheets/_rels/sheet1.xml.rels
10:11:45.873 [main] DEBUG org.apache.poi.openxml4j.opc.PackageRelationshipCollection - Parsing relationship: /_rels/.rels
10:11:45.900 [main] DEBUG org.apache.poi.openxml4j.opc.PackageRelationshipCollection - Parsing relationship: /xl/_rels/workbook.xml.rels
10:11:45.902 [main] DEBUG org.apache.poi.openxml4j.opc.PackageRelationshipCollection - Parsing relationship: /xl/worksheets/_rels/sheet1.xml.rels
10:11:45.903 [main] DEBUG org.apache.poi.openxml4j.opc.PackageRelationshipCollection - Parsing relationship: /_rels/.rels
10:11:45.932 [main] DEBUG org.apache.poi.openxml4j.opc.PackageRelationshipCollection - Parsing relationship: /xl/_rels/workbook.xml.rels
10:11:45.933 [main] DEBUG org.apache.poi.openxml4j.opc.PackageRelationshipCollection - Parsing relationship: /xl/worksheets/_rels/sheet1.xml.rels
10:11:45.934 [main] DEBUG org.apache.poi.openxml4j.opc.PackageRelationshipCollection - Parsing relationship: /_rels/.rels
10:11:45.987 [main] DEBUG org.apache.poi.openxml4j.opc.PackageRelationshipCollection - Parsing relationship: /xl/_rels/workbook.xml.rels
10:11:45.988 [main] DEBUG org.apache.poi.openxml4j.opc.PackageRelationshipCollection - Parsing relationship: /xl/worksheets/_rels/sheet1.xml.rels
10:11:45.989 [main] DEBUG org.apache.poi.openxml4j.opc.PackageRelationshipCollection - Parsing relationship: /_rels/.rels
10:11:46.015 [main] DEBUG org.apache.poi.openxml4j.opc.PackageRelationshipCollection - Parsing relationship: /xl/_rels/workbook.xml.rels
10:11:46.016 [main] DEBUG org.apache.poi.openxml4j.opc.PackageRelationshipCollection - Parsing relationship: /xl/worksheets/_rels/sheet1.xml.rels
10:11:46.017 [main] DEBUG org.apache.poi.openxml4j.opc.PackageRelationshipCollection - Parsing relationship: /_rels/.rels
10:11:46.038 [main] DEBUG org.apache.poi.openxml4j.opc.PackageRelationshipCollection - Parsing relationship: /xl/_rels/workbook.xml.rels
10:11:46.039 [main] DEBUG org.apache.poi.openxml4j.opc.PackageRelationshipCollection - Parsing relationship: /xl/worksheets/_rels/sheet1.xml.rels
10:11:46.040 [main] DEBUG org.apache.poi.openxml4j.opc.PackageRelationshipCollection - Parsing relationship: /_rels/.rels
10:11:46.056 [main] DEBUG org.apache.poi.openxml4j.opc.PackageRelationshipCollection - Parsing relationship: /xl/_rels/workbook.xml.rels
10:11:46.057 [main] DEBUG org.apache.poi.openxml4j.opc.PackageRelationshipCollection - Parsing relationship: /xl/worksheets/_rels/sheet1.xml.rels
10:11:46.058 [main] DEBUG org.apache.poi.openxml4j.opc.PackageRelationshipCollection - Parsing relationship: /_rels/.rels
10:11:46.071 [main] DEBUG org.apache.poi.openxml4j.opc.PackageRelationshipCollection - Parsing relationship: /xl/_rels/workbook.xml.rels
10:11:46.071 [main] DEBUG org.apache.poi.openxml4j.opc.PackageRelationshipCollection - Parsing relationship: /xl/worksheets/_rels/sheet1.xml.rels
10:11:46.135 [main] DEBUG org.apache.poi.openxml4j.opc.PackageRelationshipCollection - Parsing relationship: /_rels/.rels
10:11:46.262 [main] DEBUG org.apache.poi.openxml4j.opc.PackageRelationshipCollection - Parsing relationship: /xl/_rels/workbook.xml.rels
10:11:46.262 [main] DEBUG org.apache.poi.openxml4j.opc.PackageRelationshipCollection - Parsing relationship: /xl/worksheets/_rels/sheet1.xml.rels
10:11:46.262 [main] DEBUG org.apache.poi.openxml4j.opc.PackageRelationshipCollection - Parsing relationship: /_rels/.rels
10:11:46.294 [main] DEBUG org.apache.poi.openxml4j.opc.PackageRelationshipCollection - Parsing relationship: /xl/_rels/workbook.xml.rels
10:11:46.294 [main] DEBUG org.apache.poi.openxml4j.opc.PackageRelationshipCollection - Parsing relationship: /xl/worksheets/_rels/sheet1.xml.rels
10:11:46.294 [main] DEBUG org.apache.poi.openxml4j.opc.PackageRelationshipCollection - Parsing relationship: /_rels/.rels
10:11:46.325 [main] DEBUG org.apache.poi.openxml4j.opc.PackageRelationshipCollection - Parsing relationship: /xl/_rels/workbook.xml.rels
10:11:46.325 [main] DEBUG org.apache.poi.openxml4j.opc.PackageRelationshipCollection - Parsing relationship: /xl/worksheets/_rels/sheet1.xml.rels
10:11:46.325 [main] DEBUG org.apache.poi.openxml4j.opc.PackageRelationshipCollection - Parsing relationship: /_rels/.rels
10:11:46.363 [main] DEBUG org.apache.poi.openxml4j.opc.PackageRelationshipCollection - Parsing relationship: /xl/_rels/workbook.xml.rels
10:11:46.364 [main] DEBUG org.apache.poi.openxml4j.opc.PackageRelationshipCollection - Parsing relationship: /xl/worksheets/_rels/sheet1.xml.rels
10:11:46.364 [main] DEBUG org.apache.poi.openxml4j.opc.PackageRelationshipCollection - Parsing relationship: /_rels/.rels
10:11:46.388 [main] DEBUG org.apache.poi.openxml4j.opc.PackageRelationshipCollection - Parsing relationship: /xl/_rels/workbook.xml.rels
10:11:46.388 [main] DEBUG org.apache.poi.openxml4j.opc.PackageRelationshipCollection - Parsing relationship: /xl/worksheets/_rels/sheet1.xml.rels
10:11:46.388 [main] DEBUG org.apache.poi.openxml4j.opc.PackageRelationshipCollection - Parsing relationship: /_rels/.rels
10:11:46.423 [main] DEBUG org.apache.poi.openxml4j.opc.PackageRelationshipCollection - Parsing relationship: /xl/_rels/workbook.xml.rels
10:11:46.423 [main] DEBUG org.apache.poi.openxml4j.opc.PackageRelationshipCollection - Parsing relationship: /xl/worksheets/_rels/sheet1.xml.rels
10:11:46.423 [main] DEBUG org.apache.poi.openxml4j.opc.PackageRelationshipCollection - Parsing relationship: /_rels/.rels
10:11:46.484 [main] DEBUG org.apache.poi.openxml4j.opc.PackageRelationshipCollection - Parsing relationship: /xl/_rels/workbook.xml.rels
10:11:46.484 [main] DEBUG org.apache.poi.openxml4j.opc.PackageRelationshipCollection - Parsing relationship: /xl/worksheets/_rels/sheet1.xml.rels
10:11:46.484 [main] DEBUG org.apache.poi.openxml4j.opc.PackageRelationshipCollection - Parsing relationship: /_rels/.rels
10:11:46.549 [main] INFO  testCases.TC_003_LoginDDT - ***Starting the TC_003_LoginDDT****
10:11:49.667 [main] INFO  testCases.TC_003_LoginDDT - ***Finished the TC_002_LoginTest****
10:11:49.681 [main] INFO  testCases.TC_003_LoginDDT - ***Starting the TC_003_LoginDDT****
10:11:52.310 [main] INFO  testCases.TC_003_LoginDDT - ***Finished the TC_002_LoginTest****
10:11:52.347 [main] INFO  testCases.TC_003_LoginDDT - ***Starting the TC_003_LoginDDT****
10:12:04.270 [main] INFO  testCases.TC_003_LoginDDT - ***Finished the TC_002_LoginTest****
10:12:04.279 [main] INFO  testCases.TC_003_LoginDDT - ***Starting the TC_003_LoginDDT****
10:12:07.375 [main] INFO  testCases.TC_003_LoginDDT - ***Finished the TC_002_LoginTest****
10:12:07.432 [main] INFO  testCases.TC_003_LoginDDT - ***Starting the TC_003_LoginDDT****
10:12:10.692 [main] INFO  testCases.TC_003_LoginDDT - ***Finished the TC_002_LoginTest****
10:12:10.729 [main] INFO  testCases.TC_003_LoginDDT - ***Starting the TC_003_LoginDDT****
10:12:22.271 [main] INFO  testCases.TC_003_LoginDDT - ***Finished the TC_002_LoginTest****
12:36:04.237 [main] DEBUG org.testng.TestNG - suiteXmlPath: "C:\Users\Infantom\Desktop\Sabado\Opencard1.2\test-output\testng-failed.xml"
12:36:04.637 [main] INFO  org.testng.internal.Utils - [TestNG] Running:
  C:\Users\Infantom\Desktop\Sabado\Opencard1.2\test-output\testng-failed.xml

12:36:11.639 [main] INFO  testCases.TC_001_AccountRegisterationTest - ****Starting the TC_001_AccountRegisterationTest**** 
12:36:11.845 [main] INFO  testCases.TC_001_AccountRegisterationTest - Clicked on MyAccount link
12:36:12.512 [main] INFO  testCases.TC_001_AccountRegisterationTest - Clicked on Register link
12:36:12.531 [main] INFO  testCases.TC_001_AccountRegisterationTest - Provideing customer details
12:36:14.573 [main] INFO  testCases.TC_001_AccountRegisterationTest - Validating expected message
12:36:14.646 [main] INFO  testCases.TC_001_AccountRegisterationTest - ****Finished the TC_001_AccountRegisterationTest**** 
12:37:08.577 [main] DEBUG org.testng.TestNG - suiteXmlPath: "C:\Users\Infantom\Desktop\Sabado\Opencard1.2\test-output\testng-failed.xml"
12:37:08.897 [main] INFO  org.testng.internal.Utils - [TestNG] Running:
  C:\Users\Infantom\Desktop\Sabado\Opencard1.2\test-output\testng-failed.xml

12:37:14.291 [main] INFO  testCases.TC_001_AccountRegisterationTest - ****Starting the TC_001_AccountRegisterationTest**** 
12:37:14.490 [main] INFO  testCases.TC_001_AccountRegisterationTest - Clicked on MyAccount link
12:37:15.091 [main] INFO  testCases.TC_001_AccountRegisterationTest - Clicked on Register link
12:37:15.094 [main] INFO  testCases.TC_001_AccountRegisterationTest - Provideing customer details
12:37:17.206 [main] INFO  testCases.TC_001_AccountRegisterationTest - Validating expected message
12:37:17.272 [main] INFO  testCases.TC_001_AccountRegisterationTest - ****Finished the TC_001_AccountRegisterationTest**** 
11:50:37.268 [main] DEBUG org.testng.TestNG - suiteXmlPath: "C:\Users\Infantom\Desktop\Sabado\Opencard1.2\master.xml"
11:50:37.600 [main] INFO  org.testng.internal.Utils - [TestNG] Running:
  C:\Users\Infantom\Desktop\Sabado\Opencard1.2\master.xml

11:50:46.218 [main] INFO  testCases.TC_001_AccountRegisterationTest - ****Starting the TC_001_AccountRegisterationTest**** 
11:50:46.380 [main] INFO  testCases.TC_001_AccountRegisterationTest - Clicked on MyAccount link
11:50:46.970 [main] INFO  testCases.TC_001_AccountRegisterationTest - Clicked on Register link
11:50:46.977 [main] INFO  testCases.TC_001_AccountRegisterationTest - Provideing customer details
11:50:48.461 [main] INFO  testCases.TC_001_AccountRegisterationTest - Validating expected message
11:50:48.527 [main] INFO  testCases.TC_001_AccountRegisterationTest - ****Finished the TC_001_AccountRegisterationTest**** 
11:50:52.517 [main] INFO  testCases.TC_002_LoginTest - ***Starting the TC_002_LoginTest****
11:50:55.192 [main] INFO  testCases.TC_002_LoginTest - ***Finished the TC_002_LoginTest****
12:34:01.312 [main] DEBUG org.testng.TestNG - suiteXmlPath: "C:\Users\Infantom\Desktop\Sabado\Opencard1.2\crossbrowsertesting.xml"
12:34:02.006 [main] INFO  org.testng.internal.Utils - [TestNG] Running:
  C:\Users\Infantom\Desktop\Sabado\Opencard1.2\crossbrowsertesting.xml

12:34:12.232 [TestNG-tests-1] INFO  testCases.TC_001_AccountRegisterationTest - ****Starting the TC_001_AccountRegisterationTest**** 
12:34:13.606 [TestNG-tests-3] INFO  testCases.TC_001_AccountRegisterationTest - ****Starting the TC_001_AccountRegisterationTest**** 
12:34:13.855 [TestNG-tests-1] INFO  testCases.TC_001_AccountRegisterationTest - Clicked on MyAccount link
12:34:13.971 [TestNG-tests-3] INFO  testCases.TC_001_AccountRegisterationTest - Clicked on MyAccount link
12:34:21.936 [TestNG-tests-2] INFO  testCases.TC_001_AccountRegisterationTest - ****Starting the TC_001_AccountRegisterationTest**** 
12:34:22.263 [TestNG-tests-2] INFO  testCases.TC_001_AccountRegisterationTest - Clicked on MyAccount link
12:34:23.105 [TestNG-tests-2] INFO  testCases.TC_001_AccountRegisterationTest - Clicked on Register link
12:34:23.130 [TestNG-tests-2] INFO  testCases.TC_001_AccountRegisterationTest - Provideing customer details
12:34:24.005 [TestNG-tests-1] ERROR testCases.TC_001_AccountRegisterationTest - Test Failed ...
12:34:24.005 [TestNG-tests-1] DEBUG testCases.TC_001_AccountRegisterationTest - Debug logs
12:34:26.266 [TestNG-tests-2] ERROR testCases.TC_001_AccountRegisterationTest - Test Failed ...
12:34:26.266 [TestNG-tests-2] DEBUG testCases.TC_001_AccountRegisterationTest - Debug logs
12:35:49.355 [main] DEBUG org.testng.TestNG - suiteXmlPath: "C:\Users\Infantom\Desktop\Sabado\Opencard1.2\crossbrowsertesting.xml"
12:35:49.932 [main] INFO  org.testng.internal.Utils - [TestNG] Running:
  C:\Users\Infantom\Desktop\Sabado\Opencard1.2\crossbrowsertesting.xml

12:35:50.052 [TestNG-tests-1] INFO  testCases.TC_001_AccountRegisterationTest - ****Starting the TC_001_AccountRegisterationTest**** 
12:35:50.055 [TestNG-tests-2] INFO  testCases.TC_001_AccountRegisterationTest - ****Starting the TC_001_AccountRegisterationTest**** 
12:35:50.098 [TestNG-tests-1] ERROR testCases.TC_001_AccountRegisterationTest - Test Failed ...
12:35:50.098 [TestNG-tests-1] DEBUG testCases.TC_001_AccountRegisterationTest - Debug logs
12:35:50.098 [TestNG-tests-2] ERROR testCases.TC_001_AccountRegisterationTest - Test Failed ...
12:35:50.099 [TestNG-tests-2] DEBUG testCases.TC_001_AccountRegisterationTest - Debug logs
12:36:50.748 [main] DEBUG org.testng.TestNG - suiteXmlPath: "C:\Users\Infantom\Desktop\Sabado\Opencard1.2\crossbrowsertesting.xml"
12:36:51.359 [main] INFO  org.testng.internal.Utils - [TestNG] Running:
  C:\Users\Infantom\Desktop\Sabado\Opencard1.2\crossbrowsertesting.xml

12:36:51.497 [TestNG-tests-1] INFO  testCases.TC_001_AccountRegisterationTest - ****Starting the TC_001_AccountRegisterationTest**** 
12:36:51.497 [TestNG-tests-2] INFO  testCases.TC_001_AccountRegisterationTest - ****Starting the TC_001_AccountRegisterationTest**** 
12:36:51.537 [TestNG-tests-2] ERROR testCases.TC_001_AccountRegisterationTest - Test Failed ...
12:36:51.537 [TestNG-tests-2] DEBUG testCases.TC_001_AccountRegisterationTest - Debug logs
12:36:51.537 [TestNG-tests-1] ERROR testCases.TC_001_AccountRegisterationTest - Test Failed ...
12:36:51.537 [TestNG-tests-1] DEBUG testCases.TC_001_AccountRegisterationTest - Debug logs
12:37:40.439 [main] DEBUG org.testng.TestNG - suiteXmlPath: "C:\Users\Infantom\Desktop\Sabado\Opencard1.2\crossbrowsertesting.xml"
12:37:41.194 [main] INFO  org.testng.internal.Utils - [TestNG] Running:
  C:\Users\Infantom\Desktop\Sabado\Opencard1.2\crossbrowsertesting.xml

12:37:41.324 [TestNG-tests-1] INFO  testCases.TC_001_AccountRegisterationTest - ****Starting the TC_001_AccountRegisterationTest**** 
12:37:41.324 [TestNG-tests-2] INFO  testCases.TC_001_AccountRegisterationTest - ****Starting the TC_001_AccountRegisterationTest**** 
12:37:41.369 [TestNG-tests-2] ERROR testCases.TC_001_AccountRegisterationTest - Test Failed ...
12:37:41.369 [TestNG-tests-1] ERROR testCases.TC_001_AccountRegisterationTest - Test Failed ...
12:37:41.369 [TestNG-tests-2] DEBUG testCases.TC_001_AccountRegisterationTest - Debug logs
12:37:41.369 [TestNG-tests-1] DEBUG testCases.TC_001_AccountRegisterationTest - Debug logs
12:40:03.913 [main] DEBUG org.testng.TestNG - suiteXmlPath: "C:\Users\Infantom\Desktop\Sabado\Opencard1.2\crossbrowsertesting.xml"
12:40:04.398 [main] INFO  org.testng.internal.Utils - [TestNG] Running:
  C:\Users\Infantom\Desktop\Sabado\Opencard1.2\crossbrowsertesting.xml

12:41:17.643 [main] DEBUG org.testng.TestNG - suiteXmlPath: "C:\Users\Infantom\Desktop\Sabado\Opencard1.2\crossbrowsertesting.xml"
12:41:18.110 [main] INFO  org.testng.internal.Utils - [TestNG] Running:
  C:\Users\Infantom\Desktop\Sabado\Opencard1.2\crossbrowsertesting.xml

15:16:25.123 [main] DEBUG org.testng.TestNG - suiteXmlPath: "C:\Users\Infantom\Desktop\Sabado\Opencard1.2\master.xml"
15:16:30.979 [main] INFO  testCases.TC_001_AccountRegisterationTest - ****Starting the TC_001_AccountRegisterationTest**** 
15:16:31.170 [main] INFO  testCases.TC_001_AccountRegisterationTest - Clicked on MyAccount link
15:16:31.794 [main] INFO  testCases.TC_001_AccountRegisterationTest - Clicked on Register link
15:16:31.799 [main] INFO  testCases.TC_001_AccountRegisterationTest - Provideing customer details
15:16:33.568 [main] INFO  testCases.TC_001_AccountRegisterationTest - Validating expected message
15:16:33.633 [main] INFO  testCases.TC_001_AccountRegisterationTest - ****Finished the TC_001_AccountRegisterationTest**** 
15:16:37.653 [main] INFO  testCases.TC_002_LoginTest - ***Starting the TC_002_LoginTest****
